<?xml version="1.0" encoding="UTF-8"?>
<testsuite xmlns:xsi="http://www.w3.org/2001/XMLSchema-instance" xsi:noNamespaceSchemaLocation="https://maven.apache.org/surefire/maven-surefire-plugin/xsd/surefire-test-report.xsd" version="3.0.2" name="com.sinch.smsrouting.service.MessageServiceTest" time="0.096" tests="4" errors="0" skipped="0" failures="0">
  <properties>
[...]
</properties>
  <testcase name="testNZSuccessScenario" classname="com.sinch.smsrouting.service.MessageServiceTest" time="0.086">
    <system-out><![CDATA[2025-06-03T17:08:38.862+10:00  INFO 32825 --- [SmsRoutingApplication] [           main] c.s.smsrouting.service.MessageService    : Message triggered to the Carrier - Spark for +64211234567
]]></system-out>
  </testcase>
  <testcase name="testOptedOutScenario" classname="com.sinch.smsrouting.service.MessageServiceTest" time="0.003">
    <system-out><![CDATA[2025-06-03T17:08:38.873+10:00 ERROR 32825 --- [SmsRoutingApplication] [           main] c.s.smsrouting.service.MessageService    : Provided Number - +61491570156 has opted out for sending messages.
]]></system-out>
  </testcase>
  <testcase name="testIsNumberValidScenario" classname="com.sinch.smsrouting.service.MessageServiceTest" time="0.002">
    <system-out><![CDATA[2025-06-03T17:08:38.875+10:00 ERROR 32825 --- [SmsRoutingApplication] [           main] c.s.smsrouting.service.MessageService    : Provided Number - +61491 is not Valid.
]]></system-out>
  </testcase>
  <testcase name="testAUSuccessScenario" classname="com.sinch.smsrouting.service.MessageServiceTest" time="0.003">
    <system-out><![CDATA[2025-06-03T17:08:38.878+10:00  INFO 32825 --- [SmsRoutingApplication] [           main] c.s.smsrouting.service.MessageService    : Message triggered to the Carrier - Telstra for +61491570156
]]></system-out>
  </testcase>
</testsuite>